[2025-06-25 21:55:01][SEND] {"action":"register","payload":{"icon":"󰄛","password":"test","username":"youssef"}}
[2025-06-25 21:55:01][RECV] {"success":true,"data":{"created_at":"2025-06-25T20:55:01.129325197+00:00","icon":"󰄛","role":"member","user_id":"f017dbde-0055-4b55-ba05-9bee19ab4097","username":"youssef"},"error":null}
[2025-06-25 21:55:01][SEND] {"action":"login","payload":{"password":"test","username":"youssef"}}
[2025-06-25 21:55:02][RECV] {"success":true,"data":{"created_at":"2025-06-25T20:55:01.129325197+00:00","icon":"󰄛","role":"member","user_id":"f017dbde-0055-4b55-ba05-9bee19ab4097","username":"youssef"},"error":null}
[2025-06-25 21:55:02][SEND] {"action":"get_messages","payload":{"limit":50}}
[2025-06-25 21:55:02][RECV] {"success":true,"data":[],"error":null}
[2025-06-25 21:56:56][SEND] {"action":"register","payload":{"icon":"󰻈","password":"huh","username":"3ebass bnou fernass"}}
[2025-06-25 21:56:57][RECV] {"success":true,"data":{"created_at":"2025-06-25T20:56:56.976593170+00:00","icon":"󰻈","role":"member","user_id":"709c5504-6b74-49cd-be6f-38c9ea9f1740","username":"3ebass bnou fernass"},"error":null}
[2025-06-25 21:56:57][SEND] {"action":"login","payload":{"password":"huh","username":"3ebass bnou fernass"}}
[2025-06-25 21:56:58][RECV] {"success":true,"data":{"created_at":"2025-06-25T20:56:56.976593170+00:00","icon":"󰻈","role":"member","user_id":"709c5504-6b74-49cd-be6f-38c9ea9f1740","username":"3ebass bnou fernass"},"error":null}
[2025-06-25 21:56:58][SEND] {"action":"get_messages","payload":{"limit":50}}
[2025-06-25 21:56:58][RECV] {"success":true,"data":[],"error":null}
[2025-06-25 21:57:01][SEND] {"action":"send_message","payload":{"content":"hello","sender_id":"709c5504-6b74-49cd-be6f-38c9ea9f1740"}}
[[2025-06-25 21:57:01][RECV] {"success":true,"data":{"created_at":"2025-06-25T20:57:01.196786929+00:00","message_id":"6b249f61-e7c2-4ab5-893e-7a4309bcd149"},"error":null}2025-06-25 21:57:01
][RECV] {"success":true,"data":{"created_at":"2025-06-25T20:57:01.196786929+00:00","message_id":"6b249f61-e7c2-4ab5-893e-7a4309bcd149"},"error":null}
[2025-06-25 21:57:01][RECV] {"success":true,"data":{"created_at":"2025-06-25T20:57:01.196786929+00:00","message_id":"6b249f61-e7c2-4ab5-893e-7a4309bcd149"},"error":null}
[2025-06-25 21:57:06][SEND] {"action":"send_message","payload":{"content":"heya","sender_id":"f017dbde-0055-4b55-ba05-9bee19ab4097"}}
[2025-06-25 21:57:06][RECV] {"success":true,"data":{"created_at":"2025-06-25T20:57:01.196786929+00:00","message_id":"6b249f61-e7c2-4ab5-893e-7a4309bcd149"},"error":null}
[[2025-06-25 21:57:06][RECV] {"success":true,"data":{"created_at":"2025-06-25T20:57:06.652105747+00:00","message_id":"1227b64a-aab0-460b-9a77-11b800a3b5eb"},"error":null}2025-06-25 21:57:06
][RECV] {"success":true,"data":{"created_at":"2025-06-25T20:57:06.652105747+00:00","message_id":"1227b64a-aab0-460b-9a77-11b800a3b5eb"},"error":null}
[2025-06-25 22:03:17][SEND] {"action":"register","payload":{"icon":"e","password":"eee","username":"youssef"}}
[2025-06-25 22:03:17][RECV] {"success":true,"data":{"created_at":"2025-06-25T21:03:17.048314102+00:00","icon":"e","role":"member","user_id":"a0038ae5-17b0-4f2b-91f1-3995165c1734","username":"youssef"},"error":null}
[2025-06-25 22:03:17][SEND] {"action":"login","payload":{"password":"eee","username":"youssef"}}
[2025-06-25 22:03:18][RECV] {"success":true,"data":{"created_at":"2025-06-25T21:03:17.048314102+00:00","icon":"e","role":"member","user_id":"a0038ae5-17b0-4f2b-91f1-3995165c1734","username":"youssef"},"error":null}
[2025-06-25 22:03:18][SEND] {"action":"get_messages","payload":{"limit":50}}
[2025-06-25 22:03:18][RECV] {"success":true,"data":[],"error":null}
[2025-06-25 22:03:29][SEND] {"action":"register","payload":{"icon":"t","password":"tf","username":"tes"}}
[2025-06-25 22:03:29][RECV] {"success":true,"data":{"created_at":"2025-06-25T21:03:29.113718972+00:00","icon":"t","role":"member","user_id":"60d46364-d630-410c-ab9c-50379b23a202","username":"tes"},"error":null}
[2025-06-25 22:03:29][SEND] {"action":"login","payload":{"password":"tf","username":"tes"}}
[2025-06-25 22:03:30][RECV] {"success":true,"data":{"created_at":"2025-06-25T21:03:29.113718972+00:00","icon":"t","role":"member","user_id":"60d46364-d630-410c-ab9c-50379b23a202","username":"tes"},"error":null}
[2025-06-25 22:03:30][SEND] {"action":"get_messages","payload":{"limit":50}}
[2025-06-25 22:03:30][RECV] {"success":true,"data":[],"error":null}
[2025-06-25 22:03:33][SEND] {"action":"send_message","payload":{"content":"hello","sender_id":"a0038ae5-17b0-4f2b-91f1-3995165c1734"}}
[2025-06-25 22:03:33][RECV] {"success":true,"data":{"created_at":"2025-06-25T21:03:33.713963827+00:00","message_id":"7686f01e-3631-4064-baaa-5965739c388e"},"error":null}
[2025-06-25 22:03:33][RECV] {"success":true,"data":{"created_at":"2025-06-25T21:03:33.713963827+00:00","message_id":"7686f01e-3631-4064-baaa-5965739c388e"},"error":null}
[2025-06-25 22:03:33][RECV] {"success":true,"data":{"created_at":"2025-06-25T21:03:33.713963827+00:00","message_id":"7686f01e-3631-4064-baaa-5965739c388e"},"error":null}
[2025-06-25 22:03:37][SEND] {"action":"send_message","payload":{"content":"helloo","sender_id":"60d46364-d630-410c-ab9c-50379b23a202"}}
[2025-06-25 22:03:37][RECV] {"success":true,"data":{"created_at":"2025-06-25T21:03:33.713963827+00:00","message_id":"7686f01e-3631-4064-baaa-5965739c388e"},"error":null}
[2025-06-25 22:03:37][RECV] {"success":true,"data":{"created_at":"2025-06-25T21:03:37.651184418+00:00","message_id":"fc234d1a-15fa-4c8e-9a71-34cb26ded1c2"},"error":null}[
2025-06-25 22:03:37][RECV] {"success":true,"data":{"created_at":"2025-06-25T21:03:37.651184418+00:00","message_id":"fc234d1a-15fa-4c8e-9a71-34cb26ded1c2"},"error":null}
[2025-06-25 22:18:53][SEND] {"action":"register","payload":{"icon":"e","password":"ee","username":"tes"}}
[2025-06-25 22:18:54][RECV] {"success":false,"data":null,"error":"Username already exists"}
[2025-06-25 22:32:31][SEND] {"action":"register","payload":{"icon":"e","password":"test","username":"youssef"}}
[2025-06-25 22:32:32][RECV] {"success":true,"data":{"created_at":"2025-06-25T21:32:31.487264349+00:00","icon":"e","role":"member","user_id":"91d85fd5-1ace-4aa2-be94-217d6f1209ef","username":"youssef"},"error":null}
[2025-06-25 22:32:32][SEND] {"action":"login","payload":{"password":"test","username":"youssef"}}
[2025-06-25 22:32:32][RECV] {"success":true,"data":{"created_at":"2025-06-25T21:32:31.487264349+00:00","icon":"e","role":"member","user_id":"91d85fd5-1ace-4aa2-be94-217d6f1209ef","username":"youssef"},"error":null}
[2025-06-25 22:32:32][SEND] {"action":"get_messages","payload":{"limit":50}}
[2025-06-25 22:32:32][RECV] {"success":true,"data":[],"error":null}
[2025-06-25 22:38:59][SEND] {"action":"register","payload":{"icon":"e","password":"carre","username":"youssef"}}
[2025-06-25 22:39:00][RECV] {"success":false,"data":null,"error":"Username already exists"}
[2025-06-25 22:39:21][SEND] {"action":"register","payload":{"icon":"e","password":"eeee","username":"youssef"}}
[2025-06-25 22:39:21][RECV] {"success":true,"data":{"created_at":"2025-06-25T21:39:21.051001316+00:00","icon":"e","role":"member","user_id":"147cb157-ed70-4e69-bcdb-ddae5375b99a","username":"youssef"},"error":null}
[2025-06-25 22:39:21][SEND] {"action":"login","payload":{"password":"eeee","username":"youssef"}}
[2025-06-25 22:39:22][RECV] {"success":true,"data":{"created_at":"2025-06-25T21:39:21.051001316+00:00","icon":"e","role":"member","user_id":"147cb157-ed70-4e69-bcdb-ddae5375b99a","username":"youssef"},"error":null}
[2025-06-25 22:39:22][SEND] {"action":"get_messages","payload":{"limit":50}}
[2025-06-25 22:39:22][RECV] {"success":true,"data":[],"error":null}
[2025-06-25 22:39:42][SEND] {"action":"register","payload":{"icon":"e","password":"ee","username":"test"}}
[2025-06-25 22:39:42][RECV] {"success":true,"data":{"created_at":"2025-06-25T21:39:42.074104291+00:00","icon":"e","role":"member","user_id":"4be0b73d-5792-419c-b3e4-069bb5f3ccdd","username":"test"},"error":null}
[2025-06-25 22:39:42][SEND] {"action":"login","payload":{"password":"ee","username":"test"}}
[2025-06-25 22:39:43][RECV] {"success":true,"data":{"created_at":"2025-06-25T21:39:42.074104291+00:00","icon":"e","role":"member","user_id":"4be0b73d-5792-419c-b3e4-069bb5f3ccdd","username":"test"},"error":null}
[2025-06-25 22:39:43][SEND] {"action":"get_messages","payload":{"limit":50}}
[2025-06-25 22:39:43][RECV] {"success":true,"data":[],"error":null}
[2025-06-25 22:39:46][SEND] {"action":"send_message","payload":{"content":"hello","sender_id":"147cb157-ed70-4e69-bcdb-ddae5375b99a"}}

[[2025-06-25 22:39:462025-06-25 22:39:46][RECV] ][RECV] {"success":true,"data":{"created_at":"2025-06-25T21:39:46.064762797+00:00","message_id":"f7f8a3cf-8088-47db-8be3-bebad776e294"},"error":null}{"success":true,"data":{"created_at":"2025-06-25T21:39:46.064762797+00:00","message_id":"f7f8a3cf-8088-47db-8be3-bebad776e294"},"error":null}

[2025-06-25 22:39:46][RECV] {"success":true,"data":{"created_at":"2025-06-25T21:39:46.064762797+00:00","message_id":"f7f8a3cf-8088-47db-8be3-bebad776e294"},"error":null}
[2025-06-25 22:39:57][SEND] {"action":"send_message","payload":{"content":"hello","sender_id":"147cb157-ed70-4e69-bcdb-ddae5375b99a"}}

[2025-06-25 22:39:57][RECV] {"success":true,"data":{"created_at":"2025-06-25T21:39:57.837139266+00:00","message_id":"6322a809-c5a7-423e-ad23-b3047c13fbe0"},"error":null}
[2025-06-25 22:39:57][RECV] {"success":true,"data":{"created_at":"2025-06-25T21:39:57.837139266+00:00","message_id":"6322a809-c5a7-423e-ad23-b3047c13fbe0"},"error":null}
[2025-06-25 22:39:57][RECV] {"success":true,"data":{"created_at":"2025-06-25T21:39:57.837139266+00:00","message_id":"6322a809-c5a7-423e-ad23-b3047c13fbe0"},"error":null}
[2025-06-25 22:40:03][SEND] {"action":"send_message","payload":{"content":"p,","sender_id":"4be0b73d-5792-419c-b3e4-069bb5f3ccdd"}}

[2025-06-25 22:40:03][RECV] {"success":true,"data":{"created_at":"2025-06-25T21:40:03.560459169+00:00","message_id":"a6fceb1f-fb2e-400d-9b47-0b74e89d9f71"},"error":null}
[2025-06-25 22:40:03][RECV] {"success":true,"data":{"created_at":"2025-06-25T21:40:03.560459169+00:00","message_id":"a6fceb1f-fb2e-400d-9b47-0b74e89d9f71"},"error":null}
[2025-06-25 22:40:03][RECV] {"success":true,"data":{"created_at":"2025-06-25T21:40:03.560459169+00:00","message_id":"a6fceb1f-fb2e-400d-9b47-0b74e89d9f71"},"error":null}
[2025-06-25 22:40:06][SEND] {"action":"send_message","payload":{"content":"p,cpa,z","sender_id":"4be0b73d-5792-419c-b3e4-069bb5f3ccdd"}}

[2025-06-25 22:40:06][RECV] {"success":true,"data":{"created_at":"2025-06-25T21:40:06.431106184+00:00","message_id":"880281a1-9aba-4c27-9a41-18b763427ac3"},"error":null}
[2025-06-25 22:40:06][RECV] {"success":true,"data":{"created_at":"2025-06-25T21:40:06.431106184+00:00","message_id":"880281a1-9aba-4c27-9a41-18b763427ac3"},"error":null}[
2025-06-25 22:40:06][RECV] {"success":true,"data":{"created_at":"2025-06-25T21:40:06.431106184+00:00","message_id":"880281a1-9aba-4c27-9a41-18b763427ac3"},"error":null}
[2025-06-25 22:40:08][SEND] {"action":"send_message","payload":{"content":"p,cap,zcp","sender_id":"147cb157-ed70-4e69-bcdb-ddae5375b99a"}}

[2025-06-25 22:40:08][RECV] {"success":true,"data":{"created_at":"2025-06-25T21:40:08.208177290+00:00","message_id":"f40c9a96-f438-495d-8a2d-a5f8d20d9c6a"},"error":null}
[2025-06-25 22:40:08][RECV] {"success":true,"data":{"created_at":"2025-06-25T21:40:08.208177290+00:00","message_id":"f40c9a96-f438-495d-8a2d-a5f8d20d9c6a"},"error":null}
[2025-06-25 22:40:08][RECV] {"success":true,"data":{"created_at":"2025-06-25T21:40:08.208177290+00:00","message_id":"f40c9a96-f438-495d-8a2d-a5f8d20d9c6a"},"error":null}
[2025-06-25 22:40:10][SEND] {"action":"send_message","payload":{"content":"p,cpal,c","sender_id":"4be0b73d-5792-419c-b3e4-069bb5f3ccdd"}}

[2025-06-25 22:40:10][RECV] {"success":true,"data":{"created_at":"2025-06-25T21:40:10.576699048+00:00","message_id":"7b94bc62-478c-4939-83f6-f6b1efbc523b"},"error":null}
[2025-06-25 22:40:10][RECV] {"success":true,"data":{"created_at":"2025-06-25T21:40:10.576699048+00:00","message_id":"7b94bc62-478c-4939-83f6-f6b1efbc523b"},"error":null}
[2025-06-25 22:40:10][RECV] {"success":true,"data":{"created_at":"2025-06-25T21:40:10.576699048+00:00","message_id":"7b94bc62-478c-4939-83f6-f6b1efbc523b"},"error":null}
